Arguments: 
  /usr/bin/node /usr/share/yarn/bin/yarn.js install

PATH: 
  /home/icode.debug/.local/bin:/home/icode.debug/bin:/usr/local/bin:/usr/local/sbin:/usr/bin:/usr/sbin

Yarn version: 
  1.22.17

Node version: 
  16.14.0

Platform: 
  linux x64

Trace: 
  SyntaxError: /home/icode.debug/Templates/Node.js/package.json: Unexpected token } in JSON at position 536
      at JSON.parse (<anonymous>)
      at /usr/share/yarn/lib/cli.js:1625:59
      at Generator.next (<anonymous>)
      at step (/usr/share/yarn/lib/cli.js:310:30)
      at /usr/share/yarn/lib/cli.js:321:13

npm manifest: 
  {
    "name": "nodeTemplate",
    "version": "1.0.0",
    "description": "Node templating based on laravel structure",
    "repository": "https://github.com/icode-debug/express-template.git",
    "author": "Shobiye Rokeeb",
    "license": "MIT",
    "private": true,
    "scripts": {
      "test": "echo \"Error: no test specified\" && exit 1",
      "start": "nodemon app.ts",
      "prod": "node app.ts"
    },
    "dependencies": {
      "dotenv": "^16.0.0",
      "express": "^4.17.3",
      "express-async-errors": "^3.1.1",
      "express-validator": "^6.14.0",
    },
    "devDependencies": {
      "@types/express": "^4.17.13",
      "@types/node": "^17.0.21",
      "nodemon": "^2.0.15",
      "ts-node": "^10.7.0",
      "typescript": "^4.6.2"
    }
  }

yarn manifest: 
  No manifest

Lockfile: 
  No lockfile
